# JRE version: Java(TM) SE Runtime Environment (8.0_191-b12) (build 1.8.0_191-b12)
# Java VM: Java HotSpot(TM) 64-Bit Server VM (25.191-b12 mixed mode linux-amd64 compressed oops)
Heap:
 PSYoungGen      total 16896K, used 14612K [0x00000000ed780000, 0x00000000ef880000, 0x0000000100000000)
  eden space 14848K, 84% used [0x00000000ed780000,0x00000000ee3cd348,0x00000000ee600000)
  from space 2048K, 98% used [0x00000000ee800000,0x00000000ee9f8020,0x00000000eea00000)
  to   space 2048K, 0% used [0x00000000ee600000,0x00000000ee600000,0x00000000ee800000)
 ParOldGen       total 38400K, used 2823K [0x00000000c8600000, 0x00000000cab80000, 0x00000000ed780000)
  object space 38400K, 7% used [0x00000000c8600000,0x00000000c88c1e00,0x00000000cab80000)
 Metaspace       used 18118K, capacity 19304K, committed 19584K, reserved 1067008K
  class space    used 2628K, capacity 2884K, committed 2944K, reserved 1048576K
GC Heap History (4 events):
Event: 4.816 GC heap before
{Heap before GC invocations=1 (full 0):
 PSYoungGen      total 16896K, used 14848K [0x00000000ed780000, 0x00000000eea00000, 0x0000000100000000)
  eden space 14848K, 100% used [0x00000000ed780000,0x00000000ee600000,0x00000000ee600000)
  from space 2048K, 0% used [0x00000000ee800000,0x00000000ee800000,0x00000000eea00000)
  to   space 2048K, 0% used [0x00000000ee600000,0x00000000ee600000,0x00000000ee800000)
 ParOldGen       total 38400K, used 0K [0x00000000c8600000, 0x00000000cab80000, 0x00000000ed780000)
  object space 38400K, 0% used [0x00000000c8600000,0x00000000c8600000,0x00000000cab80000)
 Metaspace       used 9673K, capacity 10048K, committed 10368K, reserved 1058816K
  class space    used 1224K, capacity 1340K, committed 1408K, reserved 1048576K
Event: 4.840 GC heap after
Heap after GC invocations=1 (full 0):
 PSYoungGen      total 16896K, used 2016K [0x00000000ed780000, 0x00000000eea00000, 0x0000000100000000)
  eden space 14848K, 0% used [0x00000000ed780000,0x00000000ed780000,0x00000000ee600000)
  from space 2048K, 98% used [0x00000000ee600000,0x00000000ee7f8020,0x00000000ee800000)
  to   space 2048K, 0% used [0x00000000ee800000,0x00000000ee800000,0x00000000eea00000)
 ParOldGen       total 38400K, used 1008K [0x00000000c8600000, 0x00000000cab80000, 0x00000000ed780000)
  object space 38400K, 2% used [0x00000000c8600000,0x00000000c86fc000,0x00000000cab80000)
 Metaspace       used 9673K, capacity 10048K, committed 10368K, reserved 1058816K
  class space    used 1224K, capacity 1340K, committed 1408K, reserved 1048576K
}
Event: 7.309 GC heap before
{Heap before GC invocations=2 (full 0):
 PSYoungGen      total 16896K, used 16864K [0x00000000ed780000, 0x00000000eea00000, 0x0000000100000000)
  eden space 14848K, 100% used [0x00000000ed780000,0x00000000ee600000,0x00000000ee600000)
  from space 2048K, 98% used [0x00000000ee600000,0x00000000ee7f8020,0x00000000ee800000)
  to   space 2048K, 0% used [0x00000000ee800000,0x00000000ee800000,0x00000000eea00000)
 ParOldGen       total 38400K, used 1008K [0x00000000c8600000, 0x00000000cab80000, 0x00000000ed780000)
  object space 38400K, 2% used [0x00000000c8600000,0x00000000c86fc000,0x00000000cab80000)
 Metaspace       used 14996K, capacity 15660K, committed 15744K, reserved 1062912K
  class space    used 2245K, capacity 2376K, committed 2432K, reserved 1048576K
Event: 7.361 GC heap after
Heap after GC invocations=2 (full 0):
 PSYoungGen      total 16896K, used 2016K [0x00000000ed780000, 0x00000000ef880000, 0x0000000100000000)
  eden space 14848K, 0% used [0x00000000ed780000,0x00000000ed780000,0x00000000ee600000)
  from space 2048K, 98% used [0x00000000ee800000,0x00000000ee9f8020,0x00000000eea00000)
  to   space 2048K, 0% used [0x00000000ee600000,0x00000000ee600000,0x00000000ee800000)
 ParOldGen       total 38400K, used 2823K [0x00000000c8600000, 0x00000000cab80000, 0x00000000ed780000)
  object space 38400K, 7% used [0x00000000c8600000,0x00000000c88c1e00,0x00000000cab80000)
 Metaspace       used 14996K, capacity 15660K, committed 15744K, reserved 1062912K
  class space    used 2245K, capacity 2376K, committed 2432K, reserved 1048576K
}

